SF:lib\src\apis\anime_details.dart
DA:22,1
DA:23,3
DA:24,2
DA:25,2
DA:26,2
DA:29,2
DA:30,2
LF:7
LH:7
end_of_record
SF:lib\src\models\anime\anime_details.dart
DA:6,1
DA:82,0
DA:120,0
DA:121,0
DA:122,0
DA:123,0
DA:124,0
DA:125,0
DA:126,0
DA:127,0
DA:128,0
DA:129,0
DA:130,0
DA:131,0
DA:132,0
DA:133,0
DA:134,0
DA:135,0
DA:136,0
DA:137,0
DA:138,0
DA:139,0
DA:140,0
DA:141,0
DA:142,0
DA:143,0
DA:144,0
DA:145,0
DA:146,0
DA:147,0
DA:148,0
DA:149,0
DA:150,0
DA:151,0
DA:152,0
DA:153,0
DA:154,0
DA:155,0
DA:156,0
DA:159,3
DA:161,0
DA:163,2
DA:164,2
DA:165,2
DA:166,2
DA:167,2
DA:168,2
DA:169,2
DA:170,2
DA:171,2
DA:172,2
DA:173,2
DA:174,5
DA:175,2
DA:176,2
DA:177,2
DA:178,2
DA:179,2
DA:180,3
DA:181,2
DA:182,2
DA:183,3
DA:184,2
DA:185,2
DA:186,2
DA:187,2
DA:188,2
DA:189,2
DA:190,1
DA:191,2
DA:192,2
DA:193,3
DA:194,6
DA:195,6
DA:196,6
DA:197,6
DA:198,5
DA:199,5
DA:202,0
DA:203,0
DA:204,0
DA:205,0
DA:206,0
DA:207,0
DA:208,0
DA:209,0
DA:210,0
DA:211,0
DA:212,0
DA:213,0
DA:214,0
DA:215,0
DA:216,0
DA:217,0
DA:218,0
DA:219,0
DA:220,0
DA:221,0
DA:222,0
DA:223,0
DA:224,0
DA:225,0
DA:226,0
DA:227,0
DA:228,0
DA:229,0
DA:230,0
DA:231,0
DA:232,0
DA:233,0
DA:234,0
DA:235,0
DA:236,0
DA:237,0
DA:238,0
LF:115
LH:39
end_of_record
SF:lib\src\models\error.dart
DA:4,1
DA:16,0
DA:22,0
DA:23,0
DA:24,0
DA:25,0
DA:26,0
DA:29,3
DA:31,0
DA:33,2
DA:34,2
DA:35,2
DA:36,2
DA:37,2
DA:40,0
DA:41,0
DA:42,0
DA:43,0
DA:44,0
LF:19
LH:7
end_of_record
SF:lib\src\models\jikan_date.dart
DA:4,1
DA:14,0
DA:19,0
DA:20,0
DA:21,0
DA:22,0
DA:25,0
DA:27,0
DA:29,2
DA:30,2
DA:31,2
DA:32,2
DA:35,0
DA:36,0
DA:37,0
DA:38,0
LF:16
LH:5
end_of_record
SF:lib\src\models\related.dart
DA:6,1
DA:34,0
DA:48,0
DA:49,0
DA:50,0
DA:51,0
DA:52,0
DA:53,0
DA:54,0
DA:55,0
DA:56,0
DA:57,0
DA:58,0
DA:59,0
DA:60,0
DA:63,0
DA:65,0
DA:67,2
DA:68,6
DA:69,6
DA:70,1
DA:71,6
DA:72,1
DA:73,6
DA:74,6
DA:75,1
DA:76,1
DA:77,1
DA:78,6
DA:79,6
DA:82,0
DA:83,0
DA:84,0
DA:85,0
DA:86,0
DA:87,0
DA:88,0
DA:89,0
DA:90,0
DA:91,0
DA:92,0
DA:93,0
DA:94,0
LF:43
LH:14
end_of_record
SF:lib\src\models\related_entry.dart
DA:42,1
DA:54,0
DA:60,0
DA:61,0
DA:62,0
DA:63,0
DA:64,0
DA:67,0
DA:69,0
DA:71,2
DA:72,2
DA:73,2
DA:74,2
DA:75,2
DA:78,0
DA:79,0
DA:80,0
DA:81,0
DA:82,0
LF:19
LH:6
end_of_record
SF:lib\src\models\release_date.dart
DA:6,1
DA:18,0
DA:24,0
DA:25,0
DA:26,0
DA:27,0
DA:28,0
DA:31,0
DA:33,0
DA:35,2
DA:36,3
DA:37,3
DA:38,3
DA:39,2
DA:42,0
DA:43,0
DA:44,0
DA:45,0
DA:46,0
LF:19
LH:6
end_of_record
SF:lib\src\models\release_prop_date.dart
DA:6,1
DA:14,0
DA:18,0
DA:19,0
DA:20,0
DA:23,0
DA:25,0
DA:27,2
DA:28,3
DA:29,3
DA:32,0
DA:33,0
DA:34,0
LF:13
LH:4
end_of_record
SF:lib\src\utils\result.dart
DA:6,1
LF:1
LH:1
end_of_record
