SF:D:\Projects\personal\dart_jikan\lib\src\utils\result.dart
DA:6,1
DA:16,2
DA:17,2
LF:3
LH:3
end_of_record
SF:D:\Projects\personal\dart_jikan\lib\src\dart_jikan_base.dart
DA:101,1
DA:103,1
DA:104,1
DA:105,1
DA:106,1
DA:107,1
LF:6
LH:6
end_of_record
SF:D:\Projects\personal\dart_jikan\lib\src\models\article.dart
DA:4,1
DA:26,0
DA:37,0
DA:38,0
DA:39,0
DA:40,0
DA:41,0
DA:42,0
DA:43,0
DA:44,0
DA:45,0
DA:46,0
DA:49,0
DA:51,0
DA:53,2
DA:54,2
DA:55,2
DA:56,3
DA:57,2
DA:58,2
DA:59,2
DA:60,2
DA:61,2
DA:62,2
DA:65,0
DA:66,0
DA:67,0
DA:68,0
DA:69,0
DA:70,0
DA:71,0
DA:72,0
DA:73,0
DA:74,0
LF:34
LH:11
end_of_record
SF:D:\Projects\personal\dart_jikan\lib\src\models\character.dart
DA:6,1
DA:22,0
DA:30,0
DA:31,0
DA:32,0
DA:33,0
DA:34,0
DA:35,0
DA:36,0
DA:39,0
DA:40,0
DA:42,0
DA:44,2
DA:45,2
DA:46,2
DA:47,2
DA:48,2
DA:49,2
DA:50,1
DA:52,1
DA:53,4
DA:56,0
DA:57,0
DA:58,0
DA:59,0
DA:60,0
DA:61,0
DA:62,0
DA:64,0
LF:29
LH:10
end_of_record
SF:D:\Projects\personal\dart_jikan\lib\src\models\entry_data_item.dart
DA:28,1
DA:40,0
DA:46,0
DA:47,0
DA:48,0
DA:49,0
DA:50,0
DA:53,0
DA:54,0
DA:56,0
DA:58,2
DA:59,2
DA:60,2
DA:61,2
DA:62,2
DA:65,0
DA:66,0
DA:67,0
DA:68,0
DA:69,0
LF:20
LH:6
end_of_record
SF:D:\Projects\personal\dart_jikan\lib\src\models\error.dart
DA:4,1
DA:16,0
DA:22,0
DA:23,0
DA:24,0
DA:25,0
DA:26,0
DA:29,1
DA:30,2
DA:32,0
DA:34,2
DA:35,2
DA:36,2
DA:37,2
DA:38,2
DA:41,0
DA:42,0
DA:43,0
DA:44,0
DA:45,0
LF:20
LH:8
end_of_record
SF:D:\Projects\personal\dart_jikan\lib\src\models\jikan_date.dart
DA:4,1
DA:14,0
DA:19,0
DA:20,0
DA:21,0
DA:22,0
DA:25,0
DA:26,0
DA:28,0
DA:30,2
DA:31,2
DA:32,2
DA:33,2
DA:36,0
DA:37,0
DA:38,0
DA:39,0
LF:17
LH:5
end_of_record
SF:D:\Projects\personal\dart_jikan\lib\src\models\person.dart
DA:4,1
DA:20,0
DA:28,0
DA:29,0
DA:30,0
DA:31,0
DA:32,0
DA:33,0
DA:34,0
DA:37,0
DA:39,0
DA:41,2
DA:42,2
DA:43,2
DA:44,2
DA:45,2
DA:46,2
DA:47,1
DA:49,4
DA:52,0
DA:53,0
DA:54,0
DA:55,0
DA:56,0
DA:57,0
DA:58,0
DA:60,0
LF:27
LH:9
end_of_record
SF:D:\Projects\personal\dart_jikan\lib\src\models\related.dart
DA:6,1
DA:34,0
DA:48,0
DA:49,0
DA:50,0
DA:51,0
DA:52,0
DA:53,0
DA:54,0
DA:55,0
DA:56,0
DA:57,0
DA:58,0
DA:59,0
DA:60,0
DA:63,0
DA:65,0
DA:67,2
DA:68,1
DA:70,1
DA:71,4
DA:72,1
DA:74,1
DA:75,4
DA:76,1
DA:78,0
DA:79,0
DA:80,1
DA:82,1
DA:83,4
DA:84,1
DA:86,0
DA:87,0
DA:88,1
DA:90,2
DA:91,3
DA:92,1
DA:94,1
DA:95,4
DA:96,1
DA:98,1
DA:99,4
DA:100,1
DA:102,0
DA:103,0
DA:104,1
DA:106,0
DA:107,0
DA:108,1
DA:110,1
DA:111,4
DA:112,1
DA:114,1
DA:115,4
DA:118,0
DA:119,0
DA:121,0
DA:122,0
DA:124,0
DA:125,0
DA:127,0
DA:128,0
DA:130,0
DA:131,0
DA:133,0
DA:134,0
DA:136,0
DA:137,0
DA:139,0
DA:140,0
DA:142,0
DA:143,0
DA:145,0
DA:146,0
DA:148,0
DA:149,0
DA:151,0
DA:152,0
DA:154,0
LF:79
LH:30
end_of_record
SF:D:\Projects\personal\dart_jikan\lib\src\models\release_date.dart
DA:6,1
DA:18,0
DA:24,0
DA:25,0
DA:26,0
DA:27,0
DA:28,0
DA:31,0
DA:32,0
DA:34,0
DA:36,2
DA:37,3
DA:38,3
DA:39,1
DA:41,2
DA:42,2
DA:45,0
DA:46,0
DA:47,0
DA:48,0
DA:49,0
LF:21
LH:7
end_of_record
SF:D:\Projects\personal\dart_jikan\lib\src\models\release_prop_date.dart
DA:6,1
DA:14,0
DA:18,0
DA:19,0
DA:20,0
DA:23,0
DA:24,0
DA:26,0
DA:28,1
DA:29,1
DA:30,3
DA:31,3
DA:34,0
DA:35,0
DA:36,0
LF:15
LH:5
end_of_record
SF:D:\Projects\personal\dart_jikan\lib\src\models\anime\anime_details.dart
DA:8,1
DA:84,0
DA:122,0
DA:123,0
DA:124,0
DA:125,0
DA:126,0
DA:127,0
DA:128,0
DA:129,0
DA:130,0
DA:131,0
DA:132,0
DA:133,0
DA:134,0
DA:135,0
DA:136,0
DA:137,0
DA:138,0
DA:139,0
DA:140,0
DA:141,0
DA:142,0
DA:143,0
DA:144,0
DA:145,0
DA:146,0
DA:147,0
DA:148,0
DA:149,0
DA:150,0
DA:151,0
DA:152,0
DA:153,0
DA:154,0
DA:155,0
DA:156,0
DA:157,0
DA:158,0
DA:161,1
DA:162,2
DA:164,0
DA:166,1
DA:167,1
DA:168,2
DA:170,2
DA:171,1
DA:173,1
DA:174,2
DA:175,2
DA:176,2
DA:177,2
DA:178,2
DA:180,2
DA:182,2
DA:183,1
DA:185,4
DA:186,2
DA:187,2
DA:188,1
DA:189,2
DA:190,2
DA:192,3
DA:193,2
DA:194,2
DA:195,3
DA:196,2
DA:197,2
DA:198,2
DA:199,2
DA:200,2
DA:201,2
DA:202,1
DA:203,2
DA:204,2
DA:206,3
DA:207,1
DA:209,1
DA:210,4
DA:211,1
DA:213,1
DA:214,4
DA:215,1
DA:217,1
DA:218,4
DA:219,1
DA:221,1
DA:222,4
DA:223,1
DA:225,4
DA:226,1
DA:228,4
DA:231,0
DA:232,0
DA:233,0
DA:235,0
DA:236,0
DA:237,0
DA:238,0
DA:239,0
DA:240,0
DA:241,0
DA:242,0
DA:243,0
DA:245,0
DA:246,0
DA:247,0
DA:248,0
DA:249,0
DA:250,0
DA:251,0
DA:252,0
DA:253,0
DA:254,0
DA:255,0
DA:256,0
DA:257,0
DA:258,0
DA:259,0
DA:260,0
DA:261,0
DA:262,0
DA:263,0
DA:264,0
DA:265,0
DA:267,0
DA:268,0
DA:270,0
DA:271,0
DA:273,0
DA:274,0
DA:276,0
DA:277,0
DA:279,0
DA:280,0
DA:282,0
LF:136
LH:53
end_of_record
SF:D:\Projects\personal\dart_jikan\lib\src\models\anime\characters_staffs.dart
DA:6,1
DA:20,0
DA:27,0
DA:28,0
DA:29,0
DA:30,0
DA:31,0
DA:32,0
DA:35,1
DA:36,2
DA:38,0
DA:40,1
DA:41,1
DA:42,2
DA:44,2
DA:45,1
DA:47,1
DA:48,1
DA:50,1
DA:51,4
DA:52,1
DA:54,5
DA:57,0
DA:58,0
DA:59,0
DA:61,0
DA:62,0
DA:64,0
DA:65,0
DA:67,0
LF:30
LH:14
end_of_record
SF:D:\Projects\personal\dart_jikan\lib\src\models\anime\episode.dart
DA:4,1
DA:26,0
DA:37,0
DA:38,0
DA:39,0
DA:40,0
DA:41,0
DA:42,0
DA:43,0
DA:44,0
DA:45,0
DA:46,0
DA:49,0
DA:51,0
DA:53,2
DA:54,2
DA:55,2
DA:57,2
DA:59,2
DA:60,3
DA:61,2
DA:62,2
DA:63,2
DA:64,2
DA:67,0
DA:68,0
DA:69,0
DA:70,0
DA:71,0
DA:72,0
DA:73,0
DA:74,0
DA:75,0
DA:76,0
LF:34
LH:11
end_of_record
SF:D:\Projects\personal\dart_jikan\lib\src\models\anime\episodes.dart
DA:6,1
DA:20,0
DA:27,0
DA:28,0
DA:29,0
DA:30,0
DA:31,0
DA:32,0
DA:35,1
DA:36,2
DA:38,0
DA:40,1
DA:41,1
DA:42,2
DA:44,2
DA:45,1
DA:47,1
DA:48,1
DA:50,1
DA:51,1
DA:53,1
DA:54,4
DA:57,0
DA:58,0
DA:59,0
DA:61,0
DA:63,0
DA:64,0
DA:66,0
LF:29
LH:14
end_of_record
SF:D:\Projects\personal\dart_jikan\lib\src\models\anime\news.dart
DA:6,1
DA:18,0
DA:24,0
DA:25,0
DA:26,0
DA:27,0
DA:28,0
DA:31,3
DA:33,0
DA:35,2
DA:36,2
DA:37,2
DA:38,2
DA:39,6
DA:42,0
DA:43,0
DA:44,0
DA:45,0
DA:46,0
LF:19
LH:7
end_of_record
SF:D:\Projects\personal\dart_jikan\lib\src\models\manga\manga_details.dart
DA:6,1
DA:66,0
DA:96,0
DA:97,0
DA:98,0
DA:99,0
DA:100,0
DA:101,0
DA:102,0
DA:103,0
DA:104,0
DA:105,0
DA:106,0
DA:107,0
DA:108,0
DA:109,0
DA:110,0
DA:111,0
DA:112,0
DA:113,0
DA:114,0
DA:115,0
DA:116,0
DA:117,0
DA:118,0
DA:119,0
DA:120,0
DA:121,0
DA:122,0
DA:123,0
DA:124,0
DA:127,1
DA:128,2
DA:130,0
DA:132,1
DA:133,1
DA:134,2
DA:136,2
DA:137,1
DA:139,1
DA:140,2
DA:141,2
DA:142,2
DA:144,2
DA:145,1
DA:147,4
DA:149,2
DA:150,2
DA:151,2
DA:152,2
DA:153,2
DA:154,2
DA:155,2
DA:156,1
DA:158,2
DA:159,2
DA:160,3
DA:161,2
DA:162,2
DA:163,2
DA:164,2
DA:165,2
DA:166,2
DA:168,3
DA:169,1
DA:171,1
DA:172,4
DA:173,1
DA:175,1
DA:176,4
DA:177,1
DA:179,1
DA:180,4
DA:183,0
DA:184,0
DA:185,0
DA:187,0
DA:188,0
DA:189,0
DA:190,0
DA:191,0
DA:192,0
DA:194,0
DA:195,0
DA:196,0
DA:197,0
DA:198,0
DA:199,0
DA:200,0
DA:201,0
DA:202,0
DA:203,0
DA:204,0
DA:205,0
DA:206,0
DA:207,0
DA:208,0
DA:209,0
DA:210,0
DA:211,0
DA:212,0
DA:214,0
DA:215,0
DA:217,0
DA:218,0
DA:220,0
LF:106
LH:42
end_of_record
SF:D:\Projects\personal\dart_jikan\lib\src\endpoints\anime\root.dart
DA:4,1
DA:8,2
DA:9,1
LF:3
LH:3
end_of_record
SF:D:\Projects\personal\dart_jikan\lib\src\utils\request.dart
DA:8,1
DA:14,1
DA:15,2
DA:16,2
DA:17,2
DA:18,2
DA:19,2
DA:20,2
DA:23,1
DA:24,2
DA:25,2
LF:11
LH:11
end_of_record
SF:D:\Projects\personal\dart_jikan\lib\src\endpoints\anime\characters_staff.dart
DA:5,1
DA:9,2
DA:10,1
LF:3
LH:3
end_of_record
SF:D:\Projects\personal\dart_jikan\lib\src\endpoints\anime\episodes.dart
DA:4,1
DA:9,2
DA:10,1
LF:3
LH:3
end_of_record
SF:D:\Projects\personal\dart_jikan\lib\src\endpoints\anime\news.dart
DA:5,1
DA:9,2
DA:10,1
LF:3
LH:3
end_of_record
SF:D:\Projects\personal\dart_jikan\lib\src\endpoints\manga\root.dart
DA:4,1
DA:8,2
DA:9,1
LF:3
LH:3
end_of_record